#
# A fatal error has been detected by the Java Runtime Environment:
#
#  EXCEPTION_ILLEGAL_INSTRUCTION (0xc000001d) at pc=0x000000000f025e34, pid=5140, tid=4156
#
# JRE version:  (8.0_74-b02) (build )
# Java VM: Java HotSpot(TM) 64-Bit Server VM (25.74-b02 mixed mode windows-amd64 compressed oops)
# Problematic frame:
# j  java.lang.Thread.start0()V+0
#
# Failed to write core dump. Minidumps are not enabled by default on client versions of Windows
#
# If you would like to submit a bug report, please visit:
#   http://bugreport.java.com/bugreport/crash.jsp
# The crash happened outside the Java Virtual Machine in native code.
# See problematic frame for where to report the bug.
#

---------------  T H R E A D  ---------------

Current thread (0x00000000022bd800):  JavaThread "main" [_thread_in_native, id=4156, stack(0x0000000002550000,0x0000000002650000)]

siginfo: ExceptionCode=0xc000001d

Registers:
RAX=0x0000000000000000, RBX=0x000000000682d348, RCX=0x0000000000000d80, RDX=0x0000000000000000
RSP=0x000000000264f0d0, RBP=0x000000000264f138, RSI=0x0000000027e7c1e5, RDI=0x000000000f0174c0
R8 =0x000000000264f028, R9 =0x000000000264f100, R10=0x0000000000000000, R11=0x0000000000000206
R12=0x0000000000000000, R13=0x000000000682d348, R14=0x000000000264f158, R15=0x00000000022bd800
RIP=0x000000000f025e34, EFLAGS=0x0000000000010206

Top of Stack: (sp=0x000000000264f0d0)
0x000000000264f0d0:   000000000682d348 000000000264f138
0x000000000264f0e0:   0000000027e7c1e5 000000000f0174c0
0x000000000264f0f0:   000000000f025b62 000000000264f0f8
0x000000000264f100:   000000000682d348 000000000264f158
0x000000000264f110:   00000000068b3d30 0000000000000000
0x000000000264f120:   000000000682d348 0000000000000000
0x000000000264f130:   000000000264f158 000000000264f1b0
0x000000000264f140:   000000000f017ced 0000000000000000
0x000000000264f150:   000000000f01f978 00000000e0c075e8
0x000000000264f160:   0000000000000001 00000000e0c075e8
0x000000000264f170:   000000000264f160 000000000682d25a
0x000000000264f180:   000000000264f1e0 00000000068b3d30
0x000000000264f190:   0000000000000000 000000000682d2c0
0x000000000264f1a0:   000000000264f158 000000000264f1e0
0x000000000264f1b0:   000000000264f228 000000000f017ced
0x000000000264f1c0:   0000000000000000 0000000000000000 

Instructions: (pc=0x000000000f025e34)
0x000000000f025e14:   0f 00 00 00 00 4d 89 97 e0 01 00 00 49 89 a7 d8
0x000000000f025e24:   01 00 00 41 c7 87 70 02 00 00 04 00 00 00 ff d0
0x000000000f025e34:   c5 f8 77 48 83 ec 10 c5 fb 11 04 24 48 83 ec 10
0x000000000f025e44:   48 89 04 24 41 c7 87 70 02 00 00 05 00 00 00 45 


Register to memory mapping:

RAX=0x0000000000000000 is an unknown value
RBX={method} {0x000000000682d350} 'start0' '()V' in 'java/lang/Thread'
RCX=0x0000000000000d80 is an unknown value
RDX=0x0000000000000000 is an unknown value
RSP=0x000000000264f0d0 is pointing into the stack for thread: 0x00000000022bd800
RBP=0x000000000264f138 is pointing into the stack for thread: 0x00000000022bd800
RSI=0x0000000027e7c1e5 is an unknown value
RDI=0x000000000f0174c0 is at code_begin+0 in an Interpreter codelet
invoke return entry points  [0x000000000f0174c0, 0x000000000f017dc0]  2304 bytes
R8 =0x000000000264f028 is pointing into the stack for thread: 0x00000000022bd800
R9 =0x000000000264f100 is pointing into the stack for thread: 0x00000000022bd800
R10=0x0000000000000000 is an unknown value
R11=0x0000000000000206 is an unknown value
R12=0x0000000000000000 is an unknown value
R13={method} {0x000000000682d350} 'start0' '()V' in 'java/lang/Thread'
R14=0x000000000264f158 is pointing into the stack for thread: 0x00000000022bd800
R15=0x00000000022bd800 is a thread


Stack: [0x0000000002550000,0x0000000002650000],  sp=0x000000000264f0d0,  free space=1020k
Native frames: (J=compiled Java code, j=interpreted, Vv=VM code, C=native code)
C  0x000000000f025e34

Java frames: (J=compiled Java code, j=interpreted, Vv=VM code)
j  java.lang.Thread.start0()V+0
j  java.lang.Thread.start()V+26
j  java.lang.ref.Reference.<clinit>()V+61
v  ~StubRoutines::call_stub

---------------  P R O C E S S  ---------------

Java Threads: ( => current thread )
  0x0000000007191800 JavaThread "Reference Handler" daemon [_thread_blocked, id=2992, stack(0x00000000083a0000,0x00000000084a0000)]
=>0x00000000022bd800 JavaThread "main" [_thread_in_native, id=4156, stack(0x0000000002550000,0x0000000002650000)]

Other Threads:
  0x0000000007189800 VMThread [stack: 0x00000000081c0000,0x00000000082c0000] [id=5280]

VM state:not at safepoint (normal execution)

VM Mutex/Monitor currently owned by a thread: None

Heap:
 PSYoungGen      total 28160K, used 491K [0x00000000e0c00000, 0x00000000e2b00000, 0x0000000100000000)
  eden space 24576K, 2% used [0x00000000e0c00000,0x00000000e0c7ae20,0x00000000e2400000)
  from space 3584K, 0% used [0x00000000e2780000,0x00000000e2780000,0x00000000e2b00000)
  to   space 3584K, 0% used [0x00000000e2400000,0x00000000e2400000,0x00000000e2780000)
 ParOldGen       total 64512K, used 0K [0x00000000a2400000, 0x00000000a6300000, 0x00000000e0c00000)
  object space 64512K, 0% used [0x00000000a2400000,0x00000000a2400000,0x00000000a6300000)
 Metaspace       used 1005K, capacity 4480K, committed 4480K, reserved 1056768K
  class space    used 107K, capacity 384K, committed 384K, reserved 1048576K

Card table byte_map: [0x0000000002ce0000,0x0000000002fd0000] byte_map_base: 0x00000000027ce000

Marking Bits: (ParMarkBitMap*) 0x0000000059000600
 Begin Bits: [0x0000000003630000, 0x0000000004da0000)
 End Bits:   [0x0000000004da0000, 0x0000000006510000)

Polling page: 0x0000000000230000

CodeCache: size=245760Kb used=397Kb max_used=397Kb free=245362Kb
 bounds [0x000000000f010000, 0x000000000f280000, 0x000000001e010000]
 total_blobs=90 nmethods=0 adapters=64
 compilation: enabled

Compilation events (0 events):
No events

GC Heap History (0 events):
No events

Deoptimization events (0 events):
No events

Internal exceptions (0 events):
No events

Events (10 events):
Event: 0.063 loading class java/util/Collections$UnmodifiableCollection done
Event: 0.063 loading class java/util/Collections$UnmodifiableList done
Event: 0.063 loading class java/util/Collections$UnmodifiableRandomAccessList done
Event: 0.063 loading class java/lang/ref/ReferenceQueue
Event: 0.063 loading class java/lang/ref/ReferenceQueue done
Event: 0.063 loading class java/lang/ref/ReferenceQueue$Null
Event: 0.063 loading class java/lang/ref/ReferenceQueue$Null done
Event: 0.063 loading class java/lang/ref/ReferenceQueue$Lock
Event: 0.063 loading class java/lang/ref/ReferenceQueue$Lock done
Event: 0.063 Thread 0x0000000007191800 Thread added: 0x0000000007191800


Dynamic libraries:
0x000000013f3a0000 - 0x000000013f3d7000 	C:\Program Files\Java\jdk1.8.0_74\bin\java.exe
0x00000000770b0000 - 0x000000007725b000 	C:\Windows\SYSTEM32\ntdll.dll
0x0000000076e90000 - 0x0000000076faf000 	C:\Windows\system32\kernel32.dll
0x000007fefd010000 - 0x000007fefd07b000 	C:\Windows\system32\KERNELBASE.dll
0x000007fefea30000 - 0x000007fefeb0b000 	C:\Windows\system32\ADVAPI32.dll
0x000007fefef60000 - 0x000007fefefff000 	C:\Windows\system32\msvcrt.dll
0x000007fefeb40000 - 0x000007fefeb5f000 	C:\Windows\SYSTEM32\sechost.dll
0x000007fefe2f0000 - 0x000007fefe41e000 	C:\Windows\system32\RPCRT4.dll
0x0000000076fb0000 - 0x00000000770aa000 	C:\Windows\system32\USER32.dll
0x000007fefed70000 - 0x000007fefedd7000 	C:\Windows\system32\GDI32.dll
0x000007fefe240000 - 0x000007fefe24e000 	C:\Windows\system32\LPK.dll
0x000007fefe530000 - 0x000007fefe5fa000 	C:\Windows\system32\USP10.dll
0x000007fefbb60000 - 0x000007fefbd54000 	C:\Windows\WinSxS\amd64_microsoft.windows.common-controls_6595b64144ccf1df_6.0.7600.16385_none_fa645303170382f6\COMCTL32.dll
0x000007feff000000 - 0x000007feff071000 	C:\Windows\system32\SHLWAPI.dll
0x000007fefeb10000 - 0x000007fefeb3e000 	C:\Windows\system32\IMM32.DLL
0x000007fefe420000 - 0x000007fefe529000 	C:\Windows\system32\MSCTF.dll
0x000007fefcee0000 - 0x000007fefcf11000 	C:\Windows\system32\nvinitx.dll
0x000000000f000000 - 0x000000000f006000 	C:\Program Files\NVIDIA Corporation\CoProcManager\detoured.dll
0x000007fef99c0000 - 0x000007fef99f2000 	C:\Program Files\NVIDIA Corporation\CoProcManager\nvd3d9wrapx.dll
0x000007fefe850000 - 0x000007fefea27000 	C:\Windows\system32\SETUPAPI.dll
0x000007fefd290000 - 0x000007fefd2c6000 	C:\Windows\system32\CFGMGR32.dll
0x000007feff2e0000 - 0x000007feff3b7000 	C:\Windows\system32\OLEAUT32.dll
0x000007fefeb60000 - 0x000007fefed61000 	C:\Windows\system32\ole32.dll
0x000007fefd2d0000 - 0x000007fefd2ea000 	C:\Windows\system32\DEVOBJ.dll
0x000007fef9990000 - 0x000007fef99b2000 	C:\Program Files\NVIDIA Corporation\CoProcManager\nvdxgiwrapx.dll
0x0000000059080000 - 0x0000000059152000 	C:\Program Files\Java\jdk1.8.0_74\jre\bin\msvcr100.dll
0x00000000587f0000 - 0x0000000059080000 	C:\Program Files\Java\jdk1.8.0_74\jre\bin\server\jvm.dll
0x000007fef57e0000 - 0x000007fef57e9000 	C:\Windows\system32\WSOCK32.dll
0x000007fefd2f0000 - 0x000007fefd33d000 	C:\Windows\system32\WS2_32.dll
0x000007fefe7f0000 - 0x000007fefe7f8000 	C:\Windows\system32\NSI.dll
0x000007fef8680000 - 0x000007fef86bb000 	C:\Windows\system32\WINMM.dll
0x000007fefc050000 - 0x000007fefc05c000 	C:\Windows\system32\VERSION.dll
0x0000000077280000 - 0x0000000077287000 	C:\Windows\system32\PSAPI.DLL
0x000000006dee0000 - 0x000000006deef000 	C:\Program Files\Java\jdk1.8.0_74\jre\bin\verify.dll
0x0000000068820000 - 0x0000000068849000 	C:\Program Files\Java\jdk1.8.0_74\jre\bin\java.dll
0x0000000068b50000 - 0x0000000068b66000 	C:\Program Files\Java\jdk1.8.0_74\jre\bin\zip.dll
0x000007feec060000 - 0x000007feec185000 	C:\Windows\system32\dbghelp.dll

VM Arguments:
java_command: <unknown>
java_class_path (initial): .
Launcher Type: SUN_STANDARD

Environment Variables:
PATH=C:\ProgramData\Oracle\Java\javapath;C:\Windows\system32;C:\Windows;C:\Windows\System32\Wbem;C:\Windows\System32\WindowsPowerShell\v1.0\;C:\Program Files (x86)\GnuWin32\bin;C:\Program Files (x86)\Cracklock\Bin
USERNAME=Harvey
OS=Windows_NT
PROCESSOR_IDENTIFIER=Intel64 Family 6 Model 42 Stepping 7, GenuineIntel



---------------  S Y S T E M  ---------------

OS: Windows 7 , 64 bit Build 7600 (6.1.7600.16385)

CPU:total 4 (2 cores per cpu, 2 threads per core) family 6 model 42 stepping 7, cmov, cx8, fxsr, mmx, sse, sse2, sse3, ssse3, sse4.1, sse4.2, popcnt, avx, clmul, ht, tsc, tscinvbit

Memory: 4k page, physical 6139760k(1865744k free), swap 12277624k(7507524k free)

vm_info: Java HotSpot(TM) 64-Bit Server VM (25.74-b02) for windows-amd64 JRE (1.8.0_74-b02), built on Jan 29 2016 17:42:36 by "java_re" with MS VC++ 10.0 (VS2010)

time: Wed Mar 02 04:45:24 2016
elapsed time: 0 seconds (0d 0h 0m 0s)

